<?xml version="1.0" encoding="UTF-8"?>
<!-- Generated by org.testng.reporters.JUnitReportReporter -->
<testsuite skipped="0" hostname="DESKTOP-OJBTPCK" name="links.alllinks" tests="1" failures="0" timestamp="18 Feb 2020 09:20:23 GMT" time="10.863" errors="0">
  <testcase name="getlinks" time="10.863" classname="links.alllinks"/>
</testsuite> <!-- links.alllinks -->
