<?xml version="1.0" encoding="UTF-8"?>
<!-- Generated by org.testng.reporters.JUnitReportReporter -->
<testsuite hostname="DESKTOP-OJBTPCK" name="test_cases.LoginTest" tests="1" failures="0" timestamp="22 Feb 2020 07:33:18 GMT" time="10.467" errors="0">
  <testcase name="login" time="10.467" classname="test_cases.LoginTest"/>
</testsuite> <!-- test_cases.LoginTest -->
