<?xml version="1.0" encoding="UTF-8"?>
<!-- Generated by org.testng.reporters.JUnitReportReporter -->
<testsuite hostname="DESKTOP-OJBTPCK" name="links.ideaelanlinks" tests="2" failures="0" timestamp="18 Feb 2020 12:32:40 GMT" time="100.495" errors="0">
  <testcase name="getalllinks" time="0.204" classname="links.ideaelanlinks"/>
  <testcase name="login" time="100.291" classname="links.ideaelanlinks"/>
</testsuite> <!-- links.ideaelanlinks -->
