<?xml version="1.0" encoding="UTF-8"?>
<!-- Generated by org.testng.reporters.JUnitReportReporter -->
<testsuite skipped="0" hostname="DESKTOP-OJBTPCK" name="test_cases.LoginTest" tests="1" failures="0" timestamp="18 Feb 2020 09:21:18 GMT" time="9.253" errors="0">
  <testcase name="login" time="9.253" classname="test_cases.LoginTest"/>
</testsuite> <!-- test_cases.LoginTest -->
