<?xml version="1.0" encoding="UTF-8"?>
<!-- Generated by org.testng.reporters.JUnitReportReporter -->
<testsuite hostname="DESKTOP-OJBTPCK" name="test_cases.RegisterTest" tests="1" failures="0" timestamp="17 Feb 2020 12:51:56 GMT" time="0.213" errors="0">
  <testcase name="Register" time="0.213" classname="test_cases.RegisterTest"/>
</testsuite> <!-- test_cases.RegisterTest -->
