<?xml version="1.0" encoding="UTF-8"?>
<!-- Generated by org.testng.reporters.JUnitReportReporter -->
<testsuite hostname="DESKTOP-OJBTPCK" name="links.linksfb" tests="1" failures="0" timestamp="20 Feb 2020 13:05:57 GMT" time="9.627" errors="0">
  <testcase name="links1" time="9.627" classname="links.linksfb"/>
</testsuite> <!-- links.linksfb -->
